1572247601.314319 client started (93491): version 2.4, socket /tmp/tmux-1006/default, protocol 8
1572247601.314353 on Linux 4.4.0-21-generic #37-Ubuntu SMP Mon Apr 18 18:33:37 UTC 2016; libevent 2.0.21-stable (poll)
1572247601.314379 socket is /tmp/tmux-1006/default
1572247601.314388 trying connect
1572247601.314463 add peer 0xd86910: 6 ((nil))
1572247601.314530 sending message 100 to peer 0xd86910 (4 bytes)
1572247601.314541 sending message 101 to peer 0xd86910 (15 bytes)
1572247601.314547 sending message 102 to peer 0xd86910 (12 bytes)
1572247601.314554 sending message 108 to peer 0xd86910 (28 bytes)
1572247601.314561 sending message 104 to peer 0xd86910 (0 bytes)
1572247601.314568 sending message 107 to peer 0xd86910 (4 bytes)
1572247601.314574 sending message 105 to peer 0xd86910 (20 bytes)
1572247601.314580 sending message 105 to peer 0xd86910 (11 bytes)
1572247601.314586 sending message 105 to peer 0xd86910 (12 bytes)
1572247601.314592 sending message 105 to peer 0xd86910 (17 bytes)
1572247601.314598 sending message 105 to peer 0xd86910 (21 bytes)
1572247601.314604 sending message 105 to peer 0xd86910 (19 bytes)
1572247601.314610 sending message 105 to peer 0xd86910 (17 bytes)
1572247601.314616 sending message 105 to peer 0xd86910 (15 bytes)
1572247601.314622 sending message 105 to peer 0xd86910 (23 bytes)
1572247601.314628 sending message 105 to peer 0xd86910 (30 bytes)
1572247601.314634 sending message 105 to peer 0xd86910 (27 bytes)
1572247601.314640 sending message 105 to peer 0xd86910 (24 bytes)
1572247601.314646 sending message 105 to peer 0xd86910 (20 bytes)
1572247601.314651 sending message 105 to peer 0xd86910 (23 bytes)
1572247601.314657 sending message 105 to peer 0xd86910 (21 bytes)
1572247601.314663 sending message 105 to peer 0xd86910 (25 bytes)
1572247601.314668 sending message 105 to peer 0xd86910 (20 bytes)
1572247601.314674 sending message 105 to peer 0xd86910 (34 bytes)
1572247601.314680 sending message 105 to peer 0xd86910 (41 bytes)
1572247601.314688 sending message 105 to peer 0xd86910 (25 bytes)
1572247601.314693 sending message 105 to peer 0xd86910 (25 bytes)
1572247601.314699 sending message 105 to peer 0xd86910 (21 bytes)
1572247601.314704 sending message 105 to peer 0xd86910 (21 bytes)
1572247601.314710 sending message 105 to peer 0xd86910 (28 bytes)
1572247601.314715 sending message 105 to peer 0xd86910 (21 bytes)
1572247601.314721 sending message 105 to peer 0xd86910 (25 bytes)
1572247601.314727 sending message 105 to peer 0xd86910 (16 bytes)
1572247601.314733 sending message 105 to peer 0xd86910 (1416 bytes)
1572247601.314749 sending message 105 to peer 0xd86910 (23 bytes)
1572247601.314756 sending message 105 to peer 0xd86910 (88 bytes)
1572247601.314762 sending message 105 to peer 0xd86910 (30 bytes)
1572247601.314768 sending message 105 to peer 0xd86910 (11 bytes)
1572247601.314774 sending message 105 to peer 0xd86910 (350 bytes)
1572247601.314780 sending message 105 to peer 0xd86910 (64 bytes)
1572247601.314786 sending message 105 to peer 0xd86910 (32 bytes)
1572247601.314792 sending message 105 to peer 0xd86910 (32 bytes)
1572247601.314798 sending message 105 to peer 0xd86910 (16 bytes)
1572247601.314804 sending message 105 to peer 0xd86910 (24 bytes)
1572247601.314810 sending message 105 to peer 0xd86910 (66 bytes)
1572247601.314816 sending message 105 to peer 0xd86910 (19 bytes)
1572247601.314822 sending message 105 to peer 0xd86910 (8 bytes)
1572247601.314828 sending message 105 to peer 0xd86910 (39 bytes)
1572247601.314834 sending message 105 to peer 0xd86910 (32 bytes)
1572247601.314840 sending message 105 to peer 0xd86910 (50 bytes)
1572247601.314846 sending message 105 to peer 0xd86910 (20 bytes)
1572247601.314851 sending message 105 to peer 0xd86910 (20 bytes)
1572247601.314857 sending message 105 to peer 0xd86910 (36 bytes)
1572247601.314863 sending message 105 to peer 0xd86910 (13 bytes)
1572247601.314869 sending message 105 to peer 0xd86910 (13 bytes)
1572247601.314874 sending message 105 to peer 0xd86910 (60 bytes)
1572247601.314880 sending message 105 to peer 0xd86910 (11 bytes)
1572247601.314892 sending message 105 to peer 0xd86910 (31 bytes)
1572247601.314899 sending message 105 to peer 0xd86910 (17 bytes)
1572247601.314905 sending message 105 to peer 0xd86910 (31 bytes)
1572247601.314911 sending message 105 to peer 0xd86910 (68 bytes)
1572247601.314916 sending message 105 to peer 0xd86910 (16 bytes)
1572247601.314922 sending message 106 to peer 0xd86910 (0 bytes)
1572247601.314929 sending message 200 to peer 0xd86910 (4 bytes)
1572247601.314935 client loop enter
1572247601.315454 peer 0xd86910 message 211
1572247601.315472 peer 0xd86910 message 203
1572247601.315478 client loop exit
